<?xml version="1.0" encoding="UTF-8"?>
<!-- Generated by org.testng.reporters.JUnitReportReporter -->
<testsuite skipped="0" hostname="LT102535" name="tests.loginTest" tests="1" failures="0" timestamp="2020-08-30T20:31:44 IST" time="51.653" errors="0">
  <testcase name="loadPage" time="51.653" classname="tests.loginTest"/>
  <system-out/>
</testsuite> <!-- tests.loginTest -->
