<?xml version="1.0" encoding="UTF-8"?>
<!-- Generated by org.testng.reporters.JUnitReportReporter -->
<testsuite skipped="0" hostname="LT102535" name="tests.homeTest" tests="2" failures="0" timestamp="2020-08-30T15:06:19 IST" time="4.445" errors="0">
  <testcase name="loadPage" time="1.442" classname="tests.homeTest"/>
  <system-out/>
  <testcase name="HomePage" time="3.003" classname="tests.homeTest"/>
  <system-out/>
</testsuite> <!-- tests.homeTest -->
